<?xml version="1.0" encoding="UTF-8"?>
<!-- Generated by org.testng.reporters.JUnitReportReporter -->
<testsuite hostname="DESKTOP-TG4UPQG" failures="0" tests="4" name="api.tests.UserTests" time="9.723" errors="0" timestamp="24 Oct 2024 11:07:01 GMT">
  <testcase classname="api.tests.UserTests" name="testPostUser" time="3.648"/>
  <testcase classname="api.tests.UserTests" name="testDeleteUserByName" time="1.488"/>
  <testcase classname="api.tests.UserTests" name="testGetUserByName" time="1.578"/>
  <testcase classname="api.tests.UserTests" name="testUpdateUserByName" time="3.009"/>
</testsuite> <!-- api.tests.UserTests -->
