<?xml version="1.0" encoding="UTF-8"?>
<!-- Generated by org.testng.reporters.JUnitReportReporter -->
<testsuite hostname="DESKTOP-TG4UPQG" failures="0" tests="4" name="api.tests.UserTests2" time="8.831" errors="0" timestamp="27 Oct 2024 18:20:40 GMT" skipped="0">
  <testcase classname="api.tests.UserTests2" name="testPostUser" time="3.511"/>
  <testcase classname="api.tests.UserTests2" name="testGetUserByName" time="1.320"/>
  <testcase classname="api.tests.UserTests2" name="testUpdateUserByName" time="2.556"/>
  <testcase classname="api.tests.UserTests2" name="testDeleteUserByName" time="1.444"/>
</testsuite> <!-- api.tests.UserTests2 -->
